{"/home/francis/projects/movie-app/components/BackButton.js": {"path":"/home/francis/projects/movie-app/components/BackButton.js","statementMap":{"0":{"start":{"line":5,"column":19},"end":{"line":33,"column":1}},"1":{"start":{"line":35,"column":14},"end":{"line":46,"column":1}},"2":{"start":{"line":36,"column":2},"end":{"line":45,"column":15}}},"fnMap":{"0":{"name":"(anonymous_0)","decl":{"start":{"line":35,"column":14},"end":{"line":35,"column":15}},"loc":{"start":{"line":36,"column":2},"end":{"line":45,"column":15}},"line":36}},"branchMap":{},"s":{"0":1,"1":1,"2":0},"f":{"0":0},"b":{},"_coverageSchema":"43e27e138ebf9cfc5966b082cf9a028302ed4184","hash":"ac3316c26d2b0e666efd430f5cf842eabb1cb422"}
,"/home/francis/projects/movie-app/components/Button.js": {"path":"/home/francis/projects/movie-app/components/Button.js","statementMap":{"0":{"start":{"line":3,"column":15},"end":{"line":25,"column":1}}},"fnMap":{},"branchMap":{},"s":{"0":1},"f":{},"b":{},"_coverageSchema":"43e27e138ebf9cfc5966b082cf9a028302ed4184","hash":"d0044aae29737aae6b0e2c8a43f8ddd955b57187"}
,"/home/francis/projects/movie-app/components/CircularImage.js": {"path":"/home/francis/projects/movie-app/components/CircularImage.js","statementMap":{"0":{"start":{"line":3,"column":22},"end":{"line":12,"column":1}}},"fnMap":{},"branchMap":{},"s":{"0":1},"f":{},"b":{},"_coverageSchema":"43e27e138ebf9cfc5966b082cf9a028302ed4184","hash":"3ab710ba7964eb75aba47c2828bb58f97142742a"}
,"/home/francis/projects/movie-app/components/Divider.js": {"path":"/home/francis/projects/movie-app/components/Divider.js","statementMap":{},"fnMap":{},"branchMap":{},"s":{},"f":{},"b":{},"_coverageSchema":"43e27e138ebf9cfc5966b082cf9a028302ed4184","hash":"7c2ce16113f89bc78b57e6a89646a2308aae899d"}
,"/home/francis/projects/movie-app/components/Header.js": {"path":"/home/francis/projects/movie-app/components/Header.js","statementMap":{"0":{"start":{"line":3,"column":15},"end":{"line":9,"column":2}}},"fnMap":{},"branchMap":{},"s":{"0":1},"f":{},"b":{},"_coverageSchema":"43e27e138ebf9cfc5966b082cf9a028302ed4184","hash":"5730233666de2102d5b81c0ba2bb72ddd8ff36e0"}
,"/home/francis/projects/movie-app/components/Image.js": {"path":"/home/francis/projects/movie-app/components/Image.js","statementMap":{"0":{"start":{"line":3,"column":14},"end":{"line":10,"column":1}},"1":{"start":{"line":7,"column":21},"end":{"line":7,"column":63}},"2":{"start":{"line":8,"column":21},"end":{"line":8,"column":56}}},"fnMap":{"0":{"name":"(anonymous_0)","decl":{"start":{"line":7,"column":11},"end":{"line":7,"column":12}},"loc":{"start":{"line":7,"column":21},"end":{"line":7,"column":63}},"line":7},"1":{"name":"(anonymous_1)","decl":{"start":{"line":8,"column":11},"end":{"line":8,"column":12}},"loc":{"start":{"line":8,"column":21},"end":{"line":8,"column":56}},"line":8}},"branchMap":{"0":{"loc":{"start":{"line":7,"column":21},"end":{"line":7,"column":63}},"type":"cond-expr","locations":[{"start":{"line":7,"column":35},"end":{"line":7,"column":53}},{"start":{"line":7,"column":56},"end":{"line":7,"column":63}}],"line":7},"1":{"loc":{"start":{"line":8,"column":21},"end":{"line":8,"column":56}},"type":"cond-expr","locations":[{"start":{"line":8,"column":40},"end":{"line":8,"column":47}},{"start":{"line":8,"column":50},"end":{"line":8,"column":56}}],"line":8}},"s":{"0":1,"1":0,"2":0},"f":{"0":0,"1":0},"b":{"0":[0,0],"1":[0,0]},"_coverageSchema":"43e27e138ebf9cfc5966b082cf9a028302ed4184","hash":"2b1b72d57cca59eefcddc8dfb7490f0ef0cf63bc"}
,"/home/francis/projects/movie-app/components/InvertedButton.js": {"path":"/home/francis/projects/movie-app/components/InvertedButton.js","statementMap":{"0":{"start":{"line":3,"column":23},"end":{"line":23,"column":1}}},"fnMap":{},"branchMap":{},"s":{"0":1},"f":{},"b":{},"_coverageSchema":"43e27e138ebf9cfc5966b082cf9a028302ed4184","hash":"5a86a759016a495c940f6a210e27185be4075c24"}
,"/home/francis/projects/movie-app/components/RelatedCol.js": {"path":"/home/francis/projects/movie-app/components/RelatedCol.js","statementMap":{"0":{"start":{"line":4,"column":19},"end":{"line":9,"column":1}}},"fnMap":{},"branchMap":{},"s":{"0":1},"f":{},"b":{},"_coverageSchema":"43e27e138ebf9cfc5966b082cf9a028302ed4184","hash":"865b73e790c8ef94f0fa78b290c830ffc76e187e"}
,"/home/francis/projects/movie-app/components/SearchField.js": {"path":"/home/francis/projects/movie-app/components/SearchField.js","statementMap":{"0":{"start":{"line":3,"column":20},"end":{"line":65,"column":1}}},"fnMap":{},"branchMap":{},"s":{"0":1},"f":{},"b":{},"_coverageSchema":"43e27e138ebf9cfc5966b082cf9a028302ed4184","hash":"70260218744f911a6c3f3354a062fdde11477150"}
,"/home/francis/projects/movie-app/components/Section.js": {"path":"/home/francis/projects/movie-app/components/Section.js","statementMap":{"0":{"start":{"line":6,"column":26},"end":{"line":6,"column":56}}},"fnMap":{"0":{"name":"(anonymous_0)","decl":{"start":{"line":6,"column":16},"end":{"line":6,"column":17}},"loc":{"start":{"line":6,"column":26},"end":{"line":6,"column":56}},"line":6}},"branchMap":{"0":{"loc":{"start":{"line":6,"column":26},"end":{"line":6,"column":56}},"type":"cond-expr","locations":[{"start":{"line":6,"column":44},"end":{"line":6,"column":50}},{"start":{"line":6,"column":53},"end":{"line":6,"column":56}}],"line":6}},"s":{"0":0},"f":{"0":0},"b":{"0":[0,0]},"_coverageSchema":"43e27e138ebf9cfc5966b082cf9a028302ed4184","hash":"de9a13070e78a18a87504b0609f2d12e81b03145"}
,"/home/francis/projects/movie-app/components/Card/Card.js": {"path":"/home/francis/projects/movie-app/components/Card/Card.js","statementMap":{"0":{"start":{"line":3,"column":13},"end":{"line":36,"column":1}}},"fnMap":{},"branchMap":{},"s":{"0":1},"f":{},"b":{},"_coverageSchema":"43e27e138ebf9cfc5966b082cf9a028302ed4184","hash":"044df9d69288fde7a602272f547f59b2b68227b6"}
,"/home/francis/projects/movie-app/components/Card/Content.js": {"path":"/home/francis/projects/movie-app/components/Card/Content.js","statementMap":{"0":{"start":{"line":3,"column":16},"end":{"line":23,"column":1}}},"fnMap":{},"branchMap":{},"s":{"0":1},"f":{},"b":{},"_coverageSchema":"43e27e138ebf9cfc5966b082cf9a028302ed4184","hash":"450785829fbae8fcca7d75426d62224928480b6e"}
,"/home/francis/projects/movie-app/components/Card/ExtraContent.js": {"path":"/home/francis/projects/movie-app/components/Card/ExtraContent.js","statementMap":{"0":{"start":{"line":3,"column":21},"end":{"line":43,"column":1}}},"fnMap":{},"branchMap":{},"s":{"0":1},"f":{},"b":{},"_coverageSchema":"43e27e138ebf9cfc5966b082cf9a028302ed4184","hash":"b41ab19a241031f19ceab13d1ad5be999e4ae654"}
,"/home/francis/projects/movie-app/components/Card/Header.js": {"path":"/home/francis/projects/movie-app/components/Card/Header.js","statementMap":{"0":{"start":{"line":3,"column":15},"end":{"line":8,"column":1}}},"fnMap":{},"branchMap":{},"s":{"0":1},"f":{},"b":{},"_coverageSchema":"43e27e138ebf9cfc5966b082cf9a028302ed4184","hash":"9674cf23cb5a7452f174df8c268aed3e92720e29"}
,"/home/francis/projects/movie-app/components/Card/Image.js": {"path":"/home/francis/projects/movie-app/components/Card/Image.js","statementMap":{"0":{"start":{"line":6,"column":18},"end":{"line":21,"column":1}},"1":{"start":{"line":23,"column":14},"end":{"line":27,"column":1}},"2":{"start":{"line":24,"column":2},"end":{"line":26,"column":14}},"3":{"start":{"line":29,"column":0},"end":{"line":32,"column":2}}},"fnMap":{"0":{"name":"(anonymous_0)","decl":{"start":{"line":23,"column":14},"end":{"line":23,"column":15}},"loc":{"start":{"line":24,"column":2},"end":{"line":26,"column":14}},"line":24}},"branchMap":{},"s":{"0":1,"1":1,"2":0,"3":1},"f":{"0":0},"b":{},"_coverageSchema":"43e27e138ebf9cfc5966b082cf9a028302ed4184","hash":"3d3e10ebe6014c6f4680a6e4f85a4e5cb80e00bd"}
,"/home/francis/projects/movie-app/components/Card/index.js": {"path":"/home/francis/projects/movie-app/components/Card/index.js","statementMap":{"0":{"start":{"line":7,"column":18},"end":{"line":7,"column":23}},"1":{"start":{"line":8,"column":20},"end":{"line":8,"column":27}},"2":{"start":{"line":9,"column":25},"end":{"line":9,"column":37}},"3":{"start":{"line":10,"column":19},"end":{"line":10,"column":25}}},"fnMap":{},"branchMap":{},"s":{"0":1,"1":1,"2":1,"3":1},"f":{},"b":{},"_coverageSchema":"43e27e138ebf9cfc5966b082cf9a028302ed4184","hash":"4be5c0bf60703947a7526ff0026cb6e7637cb94e"}
,"/home/francis/projects/movie-app/pages/index.js": {"path":"/home/francis/projects/movie-app/pages/index.js","statementMap":{"0":{"start":{"line":28,"column":4},"end":{"line":28,"column":17}},"1":{"start":{"line":30,"column":4},"end":{"line":32,"column":6}},"2":{"start":{"line":34,"column":4},"end":{"line":34,"column":59}},"3":{"start":{"line":38,"column":22},"end":{"line":38,"column":32}},"4":{"start":{"line":40,"column":20},"end":{"line":40,"column":63}},"5":{"start":{"line":42,"column":14},"end":{"line":42,"column":19}},"6":{"start":{"line":43,"column":19},"end":{"line":43,"column":28}},"7":{"start":{"line":44,"column":4},"end":{"line":49,"column":5}},"8":{"start":{"line":45,"column":6},"end":{"line":48,"column":7}},"9":{"start":{"line":46,"column":8},"end":{"line":46,"column":19}},"10":{"start":{"line":47,"column":8},"end":{"line":47,"column":29}},"11":{"start":{"line":51,"column":4},"end":{"line":57,"column":7}},"12":{"start":{"line":61,"column":22},"end":{"line":61,"column":32}},"13":{"start":{"line":63,"column":20},"end":{"line":63,"column":69}},"14":{"start":{"line":68,"column":18},"end":{"line":68,"column":43}},"15":{"start":{"line":69,"column":4},"end":{"line":77,"column":5}},"16":{"start":{"line":70,"column":6},"end":{"line":70,"column":18}},"17":{"start":{"line":71,"column":6},"end":{"line":71,"column":27}},"18":{"start":{"line":72,"column":6},"end":{"line":72,"column":31}},"19":{"start":{"line":74,"column":6},"end":{"line":74,"column":17}},"20":{"start":{"line":75,"column":6},"end":{"line":75,"column":27}},"21":{"start":{"line":76,"column":6},"end":{"line":76,"column":29}},"22":{"start":{"line":79,"column":4},"end":{"line":79,"column":61}},"23":{"start":{"line":81,"column":4},"end":{"line":87,"column":7}},"24":{"start":{"line":91,"column":24},"end":{"line":91,"column":34}},"25":{"start":{"line":92,"column":22},"end":{"line":92,"column":32}},"26":{"start":{"line":94,"column":4},"end":{"line":186,"column":6}},"27":{"start":{"line":158,"column":18},"end":{"line":171,"column":31}},"28":{"start":{"line":190,"column":0},"end":{"line":204,"column":2}},"29":{"start":{"line":191,"column":14},"end":{"line":191,"column":95}},"30":{"start":{"line":192,"column":15},"end":{"line":192,"column":31}},"31":{"start":{"line":194,"column":16},"end":{"line":194,"column":31}},"32":{"start":{"line":196,"column":15},"end":{"line":196,"column":147}},"33":{"start":{"line":197,"column":18},"end":{"line":197,"column":35}},"34":{"start":{"line":198,"column":18},"end":{"line":198,"column":45}},"35":{"start":{"line":200,"column":2},"end":{"line":203,"column":4}},"36":{"start":{"line":206,"column":14},"end":{"line":211,"column":2}},"37":{"start":{"line":213,"column":22},"end":{"line":213,"column":46}},"38":{"start":{"line":215,"column":0},"end":{"line":218,"column":2}}},"fnMap":{"0":{"name":"(anonymous_0)","decl":{"start":{"line":27,"column":2},"end":{"line":27,"column":3}},"loc":{"start":{"line":27,"column":21},"end":{"line":35,"column":3}},"line":27},"1":{"name":"(anonymous_1)","decl":{"start":{"line":37,"column":2},"end":{"line":37,"column":3}},"loc":{"start":{"line":37,"column":22},"end":{"line":58,"column":3}},"line":37},"2":{"name":"(anonymous_2)","decl":{"start":{"line":60,"column":2},"end":{"line":60,"column":3}},"loc":{"start":{"line":60,"column":20},"end":{"line":88,"column":3}},"line":60},"3":{"name":"(anonymous_3)","decl":{"start":{"line":90,"column":2},"end":{"line":90,"column":3}},"loc":{"start":{"line":90,"column":11},"end":{"line":187,"column":3}},"line":90},"4":{"name":"(anonymous_4)","decl":{"start":{"line":157,"column":29},"end":{"line":157,"column":30}},"loc":{"start":{"line":158,"column":18},"end":{"line":171,"column":31}},"line":158},"5":{"name":"getInitialProps","decl":{"start":{"line":190,"column":39},"end":{"line":190,"column":54}},"loc":{"start":{"line":190,"column":57},"end":{"line":204,"column":1}},"line":190}},"branchMap":{"0":{"loc":{"start":{"line":44,"column":4},"end":{"line":49,"column":5}},"type":"if","locations":[{"start":{"line":44,"column":4},"end":{"line":49,"column":5}},{"start":{"line":44,"column":4},"end":{"line":49,"column":5}}],"line":44},"1":{"loc":{"start":{"line":45,"column":6},"end":{"line":48,"column":7}},"type":"if","locations":[{"start":{"line":45,"column":6},"end":{"line":48,"column":7}},{"start":{"line":45,"column":6},"end":{"line":48,"column":7}}],"line":45},"2":{"loc":{"start":{"line":63,"column":20},"end":{"line":63,"column":69}},"type":"binary-expr","locations":[{"start":{"line":63,"column":20},"end":{"line":63,"column":63}},{"start":{"line":63,"column":67},"end":{"line":63,"column":69}}],"line":63},"3":{"loc":{"start":{"line":69,"column":4},"end":{"line":77,"column":5}},"type":"if","locations":[{"start":{"line":69,"column":4},"end":{"line":77,"column":5}},{"start":{"line":69,"column":4},"end":{"line":77,"column":5}}],"line":69}},"s":{"0":1,"1":1,"2":1,"3":1,"4":1,"5":1,"6":1,"7":1,"8":0,"9":0,"10":0,"11":1,"12":0,"13":0,"14":0,"15":0,"16":0,"17":0,"18":0,"19":0,"20":0,"21":0,"22":0,"23":0,"24":2,"25":2,"26":2,"27":0,"28":1,"29":0,"30":0,"31":0,"32":0,"33":0,"34":0,"35":0,"36":1,"37":1,"38":1},"f":{"0":1,"1":1,"2":0,"3":2,"4":0,"5":0},"b":{"0":[0,1],"1":[0,0],"2":[0,0],"3":[0,0]},"_coverageSchema":"43e27e138ebf9cfc5966b082cf9a028302ed4184","hash":"b39cf662b3c657f61ef403850797c630ff3eb9a6"}
}
