{"/home/francis/projects/movie-app/components/BackButton.js": {"path":"/home/francis/projects/movie-app/components/BackButton.js","statementMap":{"0":{"start":{"line":5,"column":19},"end":{"line":33,"column":1}},"1":{"start":{"line":35,"column":14},"end":{"line":46,"column":1}},"2":{"start":{"line":36,"column":2},"end":{"line":45,"column":15}}},"fnMap":{"0":{"name":"(anonymous_0)","decl":{"start":{"line":35,"column":14},"end":{"line":35,"column":15}},"loc":{"start":{"line":36,"column":2},"end":{"line":45,"column":15}},"line":36}},"branchMap":{},"s":{"0":1,"1":1,"2":6},"f":{"0":6},"b":{},"_coverageSchema":"43e27e138ebf9cfc5966b082cf9a028302ed4184","hash":"ac3316c26d2b0e666efd430f5cf842eabb1cb422"}
,"/home/francis/projects/movie-app/components/Button.js": {"path":"/home/francis/projects/movie-app/components/Button.js","statementMap":{"0":{"start":{"line":3,"column":15},"end":{"line":25,"column":1}}},"fnMap":{},"branchMap":{},"s":{"0":1},"f":{},"b":{},"_coverageSchema":"43e27e138ebf9cfc5966b082cf9a028302ed4184","hash":"d0044aae29737aae6b0e2c8a43f8ddd955b57187"}
,"/home/francis/projects/movie-app/components/CircularImage.js": {"path":"/home/francis/projects/movie-app/components/CircularImage.js","statementMap":{"0":{"start":{"line":3,"column":22},"end":{"line":12,"column":1}}},"fnMap":{},"branchMap":{},"s":{"0":1},"f":{},"b":{},"_coverageSchema":"43e27e138ebf9cfc5966b082cf9a028302ed4184","hash":"3ab710ba7964eb75aba47c2828bb58f97142742a"}
,"/home/francis/projects/movie-app/components/Divider.js": {"path":"/home/francis/projects/movie-app/components/Divider.js","statementMap":{"0":{"start":{"line":3,"column":16},"end":{"line":19,"column":1}}},"fnMap":{},"branchMap":{},"s":{"0":1},"f":{},"b":{},"_coverageSchema":"43e27e138ebf9cfc5966b082cf9a028302ed4184","hash":"bc9b2cc1e6f50d6d38dd9b977f1ba3a8c4d592c4"}
,"/home/francis/projects/movie-app/components/Header.js": {"path":"/home/francis/projects/movie-app/components/Header.js","statementMap":{"0":{"start":{"line":3,"column":15},"end":{"line":9,"column":2}}},"fnMap":{},"branchMap":{},"s":{"0":1},"f":{},"b":{},"_coverageSchema":"43e27e138ebf9cfc5966b082cf9a028302ed4184","hash":"5730233666de2102d5b81c0ba2bb72ddd8ff36e0"}
,"/home/francis/projects/movie-app/components/Image.js": {"path":"/home/francis/projects/movie-app/components/Image.js","statementMap":{"0":{"start":{"line":3,"column":14},"end":{"line":10,"column":1}},"1":{"start":{"line":7,"column":21},"end":{"line":7,"column":63}},"2":{"start":{"line":8,"column":21},"end":{"line":8,"column":56}}},"fnMap":{"0":{"name":"(anonymous_0)","decl":{"start":{"line":7,"column":11},"end":{"line":7,"column":12}},"loc":{"start":{"line":7,"column":21},"end":{"line":7,"column":63}},"line":7},"1":{"name":"(anonymous_1)","decl":{"start":{"line":8,"column":11},"end":{"line":8,"column":12}},"loc":{"start":{"line":8,"column":21},"end":{"line":8,"column":56}},"line":8}},"branchMap":{"0":{"loc":{"start":{"line":7,"column":21},"end":{"line":7,"column":63}},"type":"cond-expr","locations":[{"start":{"line":7,"column":35},"end":{"line":7,"column":53}},{"start":{"line":7,"column":56},"end":{"line":7,"column":63}}],"line":7},"1":{"loc":{"start":{"line":8,"column":21},"end":{"line":8,"column":56}},"type":"cond-expr","locations":[{"start":{"line":8,"column":40},"end":{"line":8,"column":47}},{"start":{"line":8,"column":50},"end":{"line":8,"column":56}}],"line":8}},"s":{"0":2,"1":8,"2":8},"f":{"0":8,"1":8},"b":{"0":[7,1],"1":[7,1]},"_coverageSchema":"43e27e138ebf9cfc5966b082cf9a028302ed4184","hash":"2b1b72d57cca59eefcddc8dfb7490f0ef0cf63bc"}
,"/home/francis/projects/movie-app/components/InvertedButton.js": {"path":"/home/francis/projects/movie-app/components/InvertedButton.js","statementMap":{"0":{"start":{"line":3,"column":23},"end":{"line":23,"column":1}}},"fnMap":{},"branchMap":{},"s":{"0":1},"f":{},"b":{},"_coverageSchema":"43e27e138ebf9cfc5966b082cf9a028302ed4184","hash":"5a86a759016a495c940f6a210e27185be4075c24"}
,"/home/francis/projects/movie-app/components/RelatedCol.js": {"path":"/home/francis/projects/movie-app/components/RelatedCol.js","statementMap":{"0":{"start":{"line":4,"column":19},"end":{"line":9,"column":1}}},"fnMap":{},"branchMap":{},"s":{"0":1},"f":{},"b":{},"_coverageSchema":"43e27e138ebf9cfc5966b082cf9a028302ed4184","hash":"865b73e790c8ef94f0fa78b290c830ffc76e187e"}
,"/home/francis/projects/movie-app/components/SearchField.js": {"path":"/home/francis/projects/movie-app/components/SearchField.js","statementMap":{"0":{"start":{"line":3,"column":20},"end":{"line":65,"column":1}}},"fnMap":{},"branchMap":{},"s":{"0":1},"f":{},"b":{},"_coverageSchema":"43e27e138ebf9cfc5966b082cf9a028302ed4184","hash":"70260218744f911a6c3f3354a062fdde11477150"}
,"/home/francis/projects/movie-app/components/Section.js": {"path":"/home/francis/projects/movie-app/components/Section.js","statementMap":{"0":{"start":{"line":6,"column":26},"end":{"line":6,"column":56}}},"fnMap":{"0":{"name":"(anonymous_0)","decl":{"start":{"line":6,"column":16},"end":{"line":6,"column":17}},"loc":{"start":{"line":6,"column":26},"end":{"line":6,"column":56}},"line":6}},"branchMap":{"0":{"loc":{"start":{"line":6,"column":26},"end":{"line":6,"column":56}},"type":"cond-expr","locations":[{"start":{"line":6,"column":44},"end":{"line":6,"column":50}},{"start":{"line":6,"column":53},"end":{"line":6,"column":56}}],"line":6}},"s":{"0":24},"f":{"0":24},"b":{"0":[12,12]},"_coverageSchema":"43e27e138ebf9cfc5966b082cf9a028302ed4184","hash":"de9a13070e78a18a87504b0609f2d12e81b03145"}
,"/home/francis/projects/movie-app/components/Card/Card.js": {"path":"/home/francis/projects/movie-app/components/Card/Card.js","statementMap":{"0":{"start":{"line":3,"column":13},"end":{"line":36,"column":1}}},"fnMap":{},"branchMap":{},"s":{"0":1},"f":{},"b":{},"_coverageSchema":"43e27e138ebf9cfc5966b082cf9a028302ed4184","hash":"044df9d69288fde7a602272f547f59b2b68227b6"}
,"/home/francis/projects/movie-app/components/Card/Content.js": {"path":"/home/francis/projects/movie-app/components/Card/Content.js","statementMap":{"0":{"start":{"line":3,"column":16},"end":{"line":23,"column":1}}},"fnMap":{},"branchMap":{},"s":{"0":1},"f":{},"b":{},"_coverageSchema":"43e27e138ebf9cfc5966b082cf9a028302ed4184","hash":"450785829fbae8fcca7d75426d62224928480b6e"}
,"/home/francis/projects/movie-app/components/Card/ExtraContent.js": {"path":"/home/francis/projects/movie-app/components/Card/ExtraContent.js","statementMap":{"0":{"start":{"line":3,"column":21},"end":{"line":43,"column":1}}},"fnMap":{},"branchMap":{},"s":{"0":1},"f":{},"b":{},"_coverageSchema":"43e27e138ebf9cfc5966b082cf9a028302ed4184","hash":"b41ab19a241031f19ceab13d1ad5be999e4ae654"}
,"/home/francis/projects/movie-app/components/Card/Header.js": {"path":"/home/francis/projects/movie-app/components/Card/Header.js","statementMap":{"0":{"start":{"line":3,"column":15},"end":{"line":8,"column":1}}},"fnMap":{},"branchMap":{},"s":{"0":1},"f":{},"b":{},"_coverageSchema":"43e27e138ebf9cfc5966b082cf9a028302ed4184","hash":"9674cf23cb5a7452f174df8c268aed3e92720e29"}
,"/home/francis/projects/movie-app/components/Card/Image.js": {"path":"/home/francis/projects/movie-app/components/Card/Image.js","statementMap":{"0":{"start":{"line":6,"column":18},"end":{"line":21,"column":1}},"1":{"start":{"line":23,"column":14},"end":{"line":27,"column":1}},"2":{"start":{"line":24,"column":2},"end":{"line":26,"column":14}},"3":{"start":{"line":29,"column":0},"end":{"line":32,"column":2}}},"fnMap":{"0":{"name":"(anonymous_0)","decl":{"start":{"line":23,"column":14},"end":{"line":23,"column":15}},"loc":{"start":{"line":24,"column":2},"end":{"line":26,"column":14}},"line":24}},"branchMap":{},"s":{"0":1,"1":1,"2":6,"3":1},"f":{"0":6},"b":{},"_coverageSchema":"43e27e138ebf9cfc5966b082cf9a028302ed4184","hash":"3d3e10ebe6014c6f4680a6e4f85a4e5cb80e00bd"}
,"/home/francis/projects/movie-app/components/Card/index.js": {"path":"/home/francis/projects/movie-app/components/Card/index.js","statementMap":{"0":{"start":{"line":7,"column":18},"end":{"line":7,"column":23}},"1":{"start":{"line":8,"column":20},"end":{"line":8,"column":27}},"2":{"start":{"line":9,"column":25},"end":{"line":9,"column":37}},"3":{"start":{"line":10,"column":19},"end":{"line":10,"column":25}}},"fnMap":{},"branchMap":{},"s":{"0":1,"1":1,"2":1,"3":1},"f":{},"b":{},"_coverageSchema":"43e27e138ebf9cfc5966b082cf9a028302ed4184","hash":"4be5c0bf60703947a7526ff0026cb6e7637cb94e"}
,"/home/francis/projects/movie-app/pages/index.js": {"path":"/home/francis/projects/movie-app/pages/index.js","statementMap":{"0":{"start":{"line":28,"column":4},"end":{"line":28,"column":17}},"1":{"start":{"line":30,"column":4},"end":{"line":32,"column":6}},"2":{"start":{"line":34,"column":4},"end":{"line":34,"column":59}},"3":{"start":{"line":38,"column":22},"end":{"line":38,"column":32}},"4":{"start":{"line":40,"column":20},"end":{"line":40,"column":69}},"5":{"start":{"line":42,"column":14},"end":{"line":42,"column":19}},"6":{"start":{"line":43,"column":19},"end":{"line":43,"column":28}},"7":{"start":{"line":45,"column":4},"end":{"line":48,"column":5}},"8":{"start":{"line":46,"column":6},"end":{"line":46,"column":17}},"9":{"start":{"line":47,"column":6},"end":{"line":47,"column":27}},"10":{"start":{"line":50,"column":4},"end":{"line":56,"column":7}},"11":{"start":{"line":60,"column":22},"end":{"line":60,"column":32}},"12":{"start":{"line":62,"column":20},"end":{"line":62,"column":69}},"13":{"start":{"line":67,"column":18},"end":{"line":67,"column":43}},"14":{"start":{"line":68,"column":4},"end":{"line":76,"column":5}},"15":{"start":{"line":69,"column":6},"end":{"line":69,"column":18}},"16":{"start":{"line":70,"column":6},"end":{"line":70,"column":27}},"17":{"start":{"line":71,"column":6},"end":{"line":71,"column":31}},"18":{"start":{"line":73,"column":6},"end":{"line":73,"column":17}},"19":{"start":{"line":74,"column":6},"end":{"line":74,"column":27}},"20":{"start":{"line":75,"column":6},"end":{"line":75,"column":29}},"21":{"start":{"line":78,"column":4},"end":{"line":78,"column":61}},"22":{"start":{"line":80,"column":4},"end":{"line":86,"column":7}},"23":{"start":{"line":90,"column":24},"end":{"line":90,"column":34}},"24":{"start":{"line":91,"column":22},"end":{"line":91,"column":32}},"25":{"start":{"line":93,"column":4},"end":{"line":185,"column":6}},"26":{"start":{"line":157,"column":18},"end":{"line":170,"column":31}},"27":{"start":{"line":189,"column":0},"end":{"line":203,"column":2}},"28":{"start":{"line":190,"column":14},"end":{"line":190,"column":95}},"29":{"start":{"line":191,"column":15},"end":{"line":191,"column":31}},"30":{"start":{"line":193,"column":16},"end":{"line":193,"column":31}},"31":{"start":{"line":195,"column":15},"end":{"line":195,"column":147}},"32":{"start":{"line":196,"column":18},"end":{"line":196,"column":35}},"33":{"start":{"line":197,"column":18},"end":{"line":197,"column":45}},"34":{"start":{"line":199,"column":2},"end":{"line":202,"column":4}},"35":{"start":{"line":205,"column":14},"end":{"line":210,"column":2}},"36":{"start":{"line":212,"column":22},"end":{"line":212,"column":46}},"37":{"start":{"line":214,"column":0},"end":{"line":217,"column":2}}},"fnMap":{"0":{"name":"(anonymous_0)","decl":{"start":{"line":27,"column":2},"end":{"line":27,"column":3}},"loc":{"start":{"line":27,"column":21},"end":{"line":35,"column":3}},"line":27},"1":{"name":"(anonymous_1)","decl":{"start":{"line":37,"column":2},"end":{"line":37,"column":3}},"loc":{"start":{"line":37,"column":22},"end":{"line":57,"column":3}},"line":37},"2":{"name":"(anonymous_2)","decl":{"start":{"line":59,"column":2},"end":{"line":59,"column":3}},"loc":{"start":{"line":59,"column":20},"end":{"line":87,"column":3}},"line":59},"3":{"name":"(anonymous_3)","decl":{"start":{"line":89,"column":2},"end":{"line":89,"column":3}},"loc":{"start":{"line":89,"column":11},"end":{"line":186,"column":3}},"line":89},"4":{"name":"(anonymous_4)","decl":{"start":{"line":156,"column":29},"end":{"line":156,"column":30}},"loc":{"start":{"line":157,"column":18},"end":{"line":170,"column":31}},"line":157},"5":{"name":"getInitialProps","decl":{"start":{"line":189,"column":39},"end":{"line":189,"column":54}},"loc":{"start":{"line":189,"column":57},"end":{"line":203,"column":1}},"line":189}},"branchMap":{"0":{"loc":{"start":{"line":40,"column":20},"end":{"line":40,"column":69}},"type":"binary-expr","locations":[{"start":{"line":40,"column":20},"end":{"line":40,"column":63}},{"start":{"line":40,"column":67},"end":{"line":40,"column":69}}],"line":40},"1":{"loc":{"start":{"line":45,"column":4},"end":{"line":48,"column":5}},"type":"if","locations":[{"start":{"line":45,"column":4},"end":{"line":48,"column":5}},{"start":{"line":45,"column":4},"end":{"line":48,"column":5}}],"line":45},"2":{"loc":{"start":{"line":62,"column":20},"end":{"line":62,"column":69}},"type":"binary-expr","locations":[{"start":{"line":62,"column":20},"end":{"line":62,"column":63}},{"start":{"line":62,"column":67},"end":{"line":62,"column":69}}],"line":62},"3":{"loc":{"start":{"line":68,"column":4},"end":{"line":76,"column":5}},"type":"if","locations":[{"start":{"line":68,"column":4},"end":{"line":76,"column":5}},{"start":{"line":68,"column":4},"end":{"line":76,"column":5}}],"line":68}},"s":{"0":5,"1":5,"2":5,"3":5,"4":5,"5":5,"6":5,"7":5,"8":3,"9":3,"10":5,"11":2,"12":2,"13":2,"14":2,"15":1,"16":1,"17":1,"18":1,"19":1,"20":1,"21":2,"22":2,"23":12,"24":12,"25":12,"26":12,"27":1,"28":1,"29":1,"30":1,"31":1,"32":1,"33":1,"34":1,"35":1,"36":1,"37":1},"f":{"0":5,"1":5,"2":2,"3":12,"4":12,"5":1},"b":{"0":[5,2],"1":[3,2],"2":[2,1],"3":[1,1]},"_coverageSchema":"43e27e138ebf9cfc5966b082cf9a028302ed4184","hash":"4ca8bfe04b6bc46014663a4c8752be59c6ca1976"}
}
