TN:
SF:/home/francis/projects/movie-app/components/BackButton.js
FN:35,(anonymous_0)
FNF:1
FNH:1
FNDA:6,(anonymous_0)
DA:5,1
DA:35,1
DA:36,6
LF:3
LH:3
BRF:0
BRH:0
end_of_record
TN:
SF:/home/francis/projects/movie-app/components/Button.js
FNF:0
FNH:0
DA:3,1
LF:1
LH:1
BRF:0
BRH:0
end_of_record
TN:
SF:/home/francis/projects/movie-app/components/CircularImage.js
FNF:0
FNH:0
DA:3,1
LF:1
LH:1
BRF:0
BRH:0
end_of_record
TN:
SF:/home/francis/projects/movie-app/components/Divider.js
FNF:0
FNH:0
DA:3,1
LF:1
LH:1
BRF:0
BRH:0
end_of_record
TN:
SF:/home/francis/projects/movie-app/components/Header.js
FNF:0
FNH:0
DA:3,1
LF:1
LH:1
BRF:0
BRH:0
end_of_record
TN:
SF:/home/francis/projects/movie-app/components/Image.js
FN:7,(anonymous_0)
FN:8,(anonymous_1)
FNF:2
FNH:2
FNDA:8,(anonymous_0)
FNDA:8,(anonymous_1)
DA:3,2
DA:7,8
DA:8,8
LF:3
LH:3
BRDA:7,0,0,7
BRDA:7,0,1,1
BRDA:8,1,0,7
BRDA:8,1,1,1
BRF:4
BRH:4
end_of_record
TN:
SF:/home/francis/projects/movie-app/components/InvertedButton.js
FNF:0
FNH:0
DA:3,1
LF:1
LH:1
BRF:0
BRH:0
end_of_record
TN:
SF:/home/francis/projects/movie-app/components/RelatedCol.js
FNF:0
FNH:0
DA:4,1
LF:1
LH:1
BRF:0
BRH:0
end_of_record
TN:
SF:/home/francis/projects/movie-app/components/SearchField.js
FNF:0
FNH:0
DA:3,1
LF:1
LH:1
BRF:0
BRH:0
end_of_record
TN:
SF:/home/francis/projects/movie-app/components/Section.js
FN:6,(anonymous_0)
FNF:1
FNH:1
FNDA:24,(anonymous_0)
DA:6,24
LF:1
LH:1
BRDA:6,0,0,12
BRDA:6,0,1,12
BRF:2
BRH:2
end_of_record
TN:
SF:/home/francis/projects/movie-app/components/Card/Card.js
FNF:0
FNH:0
DA:3,1
LF:1
LH:1
BRF:0
BRH:0
end_of_record
TN:
SF:/home/francis/projects/movie-app/components/Card/Content.js
FNF:0
FNH:0
DA:3,1
LF:1
LH:1
BRF:0
BRH:0
end_of_record
TN:
SF:/home/francis/projects/movie-app/components/Card/ExtraContent.js
FNF:0
FNH:0
DA:3,1
LF:1
LH:1
BRF:0
BRH:0
end_of_record
TN:
SF:/home/francis/projects/movie-app/components/Card/Header.js
FNF:0
FNH:0
DA:3,1
LF:1
LH:1
BRF:0
BRH:0
end_of_record
TN:
SF:/home/francis/projects/movie-app/components/Card/Image.js
FN:23,(anonymous_0)
FNF:1
FNH:1
FNDA:6,(anonymous_0)
DA:6,1
DA:23,1
DA:24,6
DA:29,1
LF:4
LH:4
BRF:0
BRH:0
end_of_record
TN:
SF:/home/francis/projects/movie-app/components/Card/index.js
FNF:0
FNH:0
DA:7,1
DA:8,1
DA:9,1
DA:10,1
LF:4
LH:4
BRF:0
BRH:0
end_of_record
TN:
SF:/home/francis/projects/movie-app/pages/index.js
FN:27,(anonymous_0)
FN:37,(anonymous_1)
FN:59,(anonymous_2)
FN:89,(anonymous_3)
FN:156,(anonymous_4)
FN:189,getInitialProps
FNF:6
FNH:6
FNDA:5,(anonymous_0)
FNDA:5,(anonymous_1)
FNDA:2,(anonymous_2)
FNDA:12,(anonymous_3)
FNDA:12,(anonymous_4)
FNDA:1,getInitialProps
DA:28,5
DA:30,5
DA:34,5
DA:38,5
DA:40,5
DA:42,5
DA:43,5
DA:45,5
DA:46,3
DA:47,3
DA:50,5
DA:60,2
DA:62,2
DA:67,2
DA:68,2
DA:69,1
DA:70,1
DA:71,1
DA:73,1
DA:74,1
DA:75,1
DA:78,2
DA:80,2
DA:90,12
DA:91,12
DA:93,12
DA:157,12
DA:189,1
DA:190,1
DA:191,1
DA:193,1
DA:195,1
DA:196,1
DA:197,1
DA:199,1
DA:205,1
DA:212,1
DA:214,1
LF:38
LH:38
BRDA:40,0,0,5
BRDA:40,0,1,2
BRDA:45,1,0,3
BRDA:45,1,1,2
BRDA:62,2,0,2
BRDA:62,2,1,1
BRDA:68,3,0,1
BRDA:68,3,1,1
BRF:8
BRH:8
end_of_record
